SF:lib\base64\base64_utils.dart
DA:18,0
DA:37,1
DA:38,1
DA:43,1
DA:44,1
DA:46,1
DA:49,0
DA:74,1
DA:75,1
DA:80,1
DA:81,1
DA:83,1
DA:86,3
LF:13
LH:11
end_of_record
SF:lib\bool\bool_string_extensions.dart
DA:6,1
DA:7,2
DA:9,2
DA:17,3
DA:25,2
LF:5
LH:5
end_of_record
SF:lib\bool\bool_iterable_extensions.dart
DA:9,1
DA:10,1
DA:14,1
DA:15,2
DA:18,1
DA:29,1
DA:30,1
DA:34,1
DA:35,2
DA:38,1
DA:55,3
DA:68,3
DA:78,4
DA:88,4
DA:98,4
LF:15
LH:15
end_of_record
SF:lib\datetime\date_constant_extensions.dart
DA:28,1
DA:29,4
DA:30,4
DA:31,4
DA:39,3
LF:5
LH:5
end_of_record
SF:lib\datetime\date_constants.dart
DA:60,6
DA:65,0
DA:103,2
DA:106,2
DA:111,0
DA:136,1
DA:137,1
DA:140,1
DA:141,1
DA:146,0
DA:155,1
DA:156,1
DA:157,1
LF:13
LH:10
end_of_record
SF:lib\datetime\date_time_nullable_extensions.dart
DA:26,1
DA:36,1
DA:61,1
DA:63,1
DA:68,1
DA:75,1
LF:6
LH:6
end_of_record
SF:lib\datetime\date_time_range_utils.dart
DA:36,1
DA:38,2
DA:45,6
DA:48,1
DA:49,3
DA:52,4
DA:57,1
DA:60,1
DA:63,2
DA:68,3
DA:103,1
DA:105,4
DA:106,4
DA:108,4
DA:126,1
DA:127,0
DA:129,1
LF:17
LH:16
end_of_record
SF:lib\datetime\date_time_extensions.dart
DA:20,2
DA:21,2
DA:26,6
DA:30,8
DA:33,4
DA:36,8
DA:38,6
DA:43,8
DA:56,1
DA:57,1
DA:60,1
DA:65,1
DA:69,1
DA:77,1
DA:82,1
DA:84,2
DA:85,1
DA:86,1
DA:96,1
DA:97,1
DA:99,4
DA:109,1
DA:110,1
DA:112,4
DA:125,1
DA:126,1
DA:127,1
DA:138,1
DA:139,1
DA:140,1
DA:147,3
DA:156,1
DA:157,2
DA:158,1
DA:162,2
DA:172,1
DA:173,2
DA:174,1
DA:177,2
DA:184,1
DA:188,1
DA:195,1
DA:199,1
DA:209,1
DA:210,2
DA:211,2
DA:212,2
DA:213,2
DA:214,2
DA:223,1
DA:225,4
DA:226,2
DA:227,4
DA:230,6
DA:231,2
DA:238,3
DA:251,1
DA:256,2
DA:258,1
DA:271,1
DA:272,1
DA:279,3
DA:289,1
DA:290,1
DA:297,3
DA:307,2
DA:308,2
DA:315,6
DA:325,1
DA:326,1
DA:333,3
DA:343,1
DA:344,1
DA:351,3
DA:361,1
DA:362,1
DA:369,3
DA:379,1
DA:380,1
DA:387,3
DA:397,1
DA:398,1
DA:405,3
DA:418,1
DA:419,1
DA:426,3
DA:436,1
DA:437,1
DA:444,3
DA:454,5
DA:459,1
DA:460,1
DA:461,1
DA:462,1
DA:468,1
DA:469,1
DA:470,1
DA:471,1
DA:476,5
DA:496,1
DA:497,1
DA:502,1
DA:503,3
DA:506,2
DA:537,1
DA:542,2
DA:550,6
DA:552,3
DA:555,3
DA:564,1
DA:593,1
DA:598,3
DA:613,2
DA:615,4
DA:616,4
DA:619,3
DA:631,1
DA:632,1
DA:635,4
DA:636,1
DA:637,1
DA:639,1
DA:652,1
DA:653,1
DA:656,9
DA:667,1
DA:668,9
DA:678,7
DA:687,4
DA:696,7
DA:707,1
DA:709,1
DA:713,1
DA:715,2
DA:716,0
DA:717,2
DA:718,3
DA:720,2
DA:721,1
DA:722,2
DA:723,3
DA:725,2
DA:726,1
DA:727,2
DA:728,3
DA:730,2
DA:731,1
DA:732,0
DA:733,0
DA:735,3
DA:738,1
DA:742,1
DA:744,1
DA:755,1
DA:756,1
DA:758,1
DA:768,1
DA:786,3
DA:789,9
DA:790,1
DA:797,2
DA:806,1
DA:807,8
DA:810,1
DA:811,2
DA:812,3
DA:821,7
DA:824,1
DA:825,1
DA:826,1
DA:827,3
DA:828,5
DA:839,1
DA:840,5
DA:841,4
DA:842,1
DA:846,1
DA:847,3
DA:848,3
DA:849,3
DA:850,3
DA:851,3
DA:852,3
DA:853,1
DA:857,1
DA:858,3
DA:859,3
DA:860,3
DA:861,1
LF:189
LH:186
end_of_record
SF:lib\datetime\date_time_utils.dart
DA:6,3
DA:20,1
DA:27,1
DA:31,3
DA:34,9
DA:35,0
DA:54,1
DA:56,1
DA:60,1
DA:63,1
DA:69,1
DA:83,1
DA:85,0
DA:88,1
DA:90,1
DA:109,0
DA:110,0
DA:114,0
DA:115,0
DA:116,0
DA:117,0
DA:118,0
DA:119,0
DA:120,0
DA:122,0
DA:123,0
DA:165,1
DA:169,1
DA:174,2
DA:175,2
DA:178,2
DA:179,2
DA:182,1
DA:185,1
DA:186,1
DA:187,1
DA:190,1
DA:192,1
DA:193,2
DA:196,1
DA:197,2
DA:200,0
DA:201,0
DA:205,1
DA:206,0
DA:207,0
DA:213,2
DA:214,1
DA:215,2
DA:216,3
DA:219,0
DA:232,1
DA:235,2
DA:241,2
DA:243,3
DA:249,1
DA:254,2
DA:260,1
DA:265,2
DA:271,2
DA:273,4
DA:276,4
DA:279,4
DA:284,1
DA:285,2
DA:286,1
DA:291,2
DA:295,2
DA:311,1
DA:321,2
DA:322,2
DA:325,1
DA:326,2
DA:328,2
DA:329,2
DA:330,2
DA:331,2
DA:332,2
LF:78
LH:60
end_of_record
SF:lib\int\int_string_extensions.dart
DA:39,2
DA:41,4
DA:42,2
DA:45,2
DA:47,4
DA:48,4
DA:49,4
DA:50,1
LF:8
LH:8
end_of_record
SF:lib\datetime\time_emoji_utils.dart
DA:27,1
DA:32,2
DA:51,3
LF:3
LH:3
end_of_record
SF:lib\double\double_extensions.dart
DA:10,3
DA:11,3
DA:23,1
DA:24,2
DA:25,2
DA:44,1
DA:46,3
DA:50,1
DA:54,4
DA:56,2
DA:79,1
DA:80,1
DA:81,1
DA:83,1
DA:84,1
DA:86,1
DA:91,4
DA:107,1
DA:108,1
DA:112,1
DA:131,1
DA:132,1
DA:134,3
DA:151,1
DA:152,3
LF:25
LH:25
end_of_record
SF:lib\double\double_iterable_extensions.dart
DA:10,1
DA:12,1
DA:16,4
DA:23,1
DA:25,1
DA:29,4
DA:37,1
DA:38,1
DA:43,1
DA:46,2
DA:50,4
DA:54,2
DA:56,1
DA:57,3
DA:64,2
DA:72,1
DA:73,1
DA:78,1
DA:81,2
DA:85,4
DA:89,2
DA:91,1
DA:92,3
DA:100,2
LF:24
LH:24
end_of_record
SF:lib\enum\enum_iterable_extensions.dart
DA:13,3
DA:16,1
DA:17,1
DA:23,1
DA:26,2
DA:30,4
DA:36,2
DA:37,3
DA:45,0
DA:63,1
DA:64,1
DA:69,1
DA:72,1
DA:73,6
DA:88,1
DA:90,1
DA:92,5
LF:17
LH:16
end_of_record
SF:lib\gesture\swipe_properties.dart
DA:92,1
DA:129,1
DA:131,9
DA:133,4
DA:137,4
DA:144,1
DA:145,3
DA:146,1
DA:152,1
DA:153,3
DA:155,2
DA:157,2
DA:159,2
DA:161,2
DA:171,1
DA:172,3
DA:173,3
DA:175,3
DA:178,3
DA:191,0
DA:201,1
DA:202,2
DA:204,2
DA:206,2
LF:24
LH:23
end_of_record
SF:lib\hex\hex_utils.dart
DA:7,3
DA:42,1
DA:43,1
DA:48,2
DA:55,1
DA:56,6
DA:61,1
DA:80,2
LF:8
LH:8
end_of_record
SF:lib\int\int_extensions.dart
DA:31,1
DA:36,1
DA:41,1
DA:47,1
DA:49,1
DA:52,1
DA:72,1
DA:73,1
DA:77,1
DA:81,1
LF:10
LH:10
end_of_record
SF:lib\int\int_iterable_extensions.dart
DA:9,1
DA:11,1
DA:16,1
DA:19,2
DA:23,4
DA:29,2
DA:30,3
DA:37,2
DA:41,1
DA:43,1
DA:48,1
DA:50,2
DA:54,4
DA:60,2
DA:61,3
DA:68,2
LF:16
LH:16
end_of_record
SF:lib\html\html_utils.dart
DA:49,3
DA:52,3
DA:55,3
DA:68,0
DA:95,1
DA:96,1
DA:103,2
DA:104,1
DA:108,3
DA:109,1
DA:110,1
DA:114,1
DA:116,1
DA:120,1
DA:121,1
DA:122,1
DA:123,1
DA:125,1
DA:153,1
DA:154,1
DA:159,2
DA:162,3
DA:164,1
DA:181,1
DA:182,1
DA:186,1
LF:26
LH:25
end_of_record
SF:lib\int\int_nullable_extensions.dart
DA:2,1
DA:5,1
DA:12,1
DA:20,2
LF:4
LH:4
end_of_record
SF:lib\int\int_utils.dart
DA:31,1
DA:33,2
DA:38,1
DA:43,2
DA:48,1
DA:56,3
LF:6
LH:6
end_of_record
SF:lib\iterable\comparable_iterable_extensions.dart
DA:6,1
DA:8,1
DA:12,4
DA:19,1
DA:21,1
DA:25,4
LF:6
LH:6
end_of_record
SF:lib\iterable\iterable_extensions.dart
DA:5,3
DA:13,1
DA:14,1
DA:19,1
DA:22,2
DA:26,4
DA:33,2
DA:35,1
DA:36,3
DA:43,2
DA:47,1
DA:48,1
DA:53,1
DA:56,2
DA:60,4
DA:64,2
DA:66,1
DA:67,3
DA:75,2
DA:81,1
DA:82,1
DA:83,4
DA:87,1
DA:88,2
DA:89,1
DA:95,1
DA:97,2
DA:98,2
LF:28
LH:28
end_of_record
SF:lib\list\list_nullable_extensions.dart
DA:22,2
DA:43,2
LF:2
LH:2
end_of_record
SF:lib\json\json_utils.dart
DA:25,3
DA:30,0
DA:33,1
DA:34,1
DA:35,1
DA:37,1
DA:41,1
DA:42,1
DA:43,2
DA:44,1
DA:46,1
DA:49,0
DA:64,1
DA:65,2
DA:66,1
DA:67,2
DA:68,2
DA:70,1
DA:72,1
DA:74,1
DA:80,1
DA:83,3
DA:93,0
DA:94,0
DA:95,0
DA:96,0
DA:99,0
DA:100,0
DA:101,0
DA:105,0
DA:109,0
DA:110,0
DA:112,0
DA:113,0
DA:114,0
DA:116,0
DA:120,0
DA:121,0
DA:123,0
DA:124,0
DA:125,0
DA:126,0
DA:129,0
DA:135,0
DA:136,0
DA:138,0
DA:139,0
DA:140,0
DA:141,0
DA:144,0
DA:150,0
DA:152,0
DA:153,0
DA:157,1
DA:159,2
DA:160,1
DA:161,6
DA:167,1
DA:169,1
DA:170,5
DA:171,2
DA:172,1
DA:174,1
DA:175,3
DA:176,3
DA:177,1
DA:183,1
DA:185,1
DA:186,4
DA:187,1
DA:188,7
DA:194,1
DA:196,1
DA:197,2
DA:198,2
DA:203,0
DA:205,0
DA:206,0
DA:207,0
DA:208,0
DA:212,1
DA:214,2
DA:218,1
DA:220,1
DA:221,4
DA:222,1
DA:224,1
DA:225,4
DA:226,1
DA:227,1
DA:233,0
DA:241,0
DA:242,0
DA:244,0
DA:246,0
DA:249,0
DA:250,0
DA:251,0
DA:252,0
DA:254,0
DA:256,0
DA:260,0
DA:262,0
DA:263,0
DA:264,0
DA:265,0
DA:266,0
DA:270,1
DA:275,3
DA:276,2
DA:277,2
DA:282,2
LF:112
LH:57
end_of_record
SF:lib\map\map_extensions.dart
DA:6,2
DA:16,1
DA:20,1
DA:21,1
DA:22,4
DA:23,1
DA:24,1
DA:25,2
DA:26,2
DA:33,1
DA:34,1
DA:36,1
DA:37,2
DA:38,1
DA:39,1
DA:40,1
DA:41,1
DA:42,2
DA:43,1
DA:44,1
DA:45,1
DA:46,2
DA:47,1
DA:48,1
DA:49,1
DA:50,1
DA:52,1
DA:53,1
DA:55,1
DA:56,1
DA:59,1
DA:60,1
DA:64,2
DA:67,1
DA:68,1
DA:69,1
DA:73,0
DA:74,0
DA:77,0
DA:83,0
DA:84,0
DA:88,0
DA:92,0
DA:95,1
DA:96,1
DA:97,1
DA:98,1
DA:109,1
DA:110,1
DA:111,3
DA:114,2
DA:115,2
DA:123,2
DA:124,3
DA:125,4
DA:132,0
DA:135,1
DA:136,5
DA:142,1
DA:144,1
DA:146,1
DA:148,1
DA:168,1
DA:171,6
DA:191,1
DA:194,6
DA:198,1
DA:200,2
DA:215,2
DA:220,2
DA:221,1
DA:223,1
DA:224,2
DA:226,3
DA:230,1
DA:231,3
LF:76
LH:68
end_of_record
SF:lib\string\string_extensions.dart
DA:4,3
DA:6,3
DA:8,3
DA:10,3
DA:12,3
DA:14,3
DA:16,3
DA:18,3
DA:20,3
DA:22,3
DA:24,3
DA:29,3
DA:31,3
DA:33,3
DA:35,3
DA:119,1
DA:122,1
DA:127,1
DA:128,1
DA:131,1
DA:138,2
DA:142,1
DA:148,2
DA:152,1
DA:157,2
DA:161,1
DA:166,2
DA:170,1
DA:173,2
DA:177,1
DA:180,2
DA:186,1
DA:188,2
DA:194,3
DA:199,2
DA:225,1
DA:226,2
DA:228,3
DA:233,3
DA:234,3
DA:235,1
DA:239,3
DA:240,4
DA:244,3
DA:248,1
DA:250,4
DA:256,2
DA:258,2
DA:263,2
DA:264,2
DA:273,1
DA:275,3
DA:277,4
DA:281,1
DA:283,1
DA:285,2
DA:287,5
DA:291,1
DA:293,4
DA:296,1
DA:299,1
DA:301,1
DA:303,2
DA:306,1
DA:308,4
DA:316,1
DA:319,2
DA:322,1
DA:327,4
DA:330,3
DA:331,3
DA:336,1
DA:338,5
DA:341,1
DA:343,3
DA:346,1
DA:348,5
DA:351,1
DA:353,5
DA:356,1
DA:358,2
DA:362,1
DA:363,3
DA:367,1
DA:368,3
DA:373,1
DA:375,2
DA:378,1
DA:380,2
DA:383,1
DA:385,5
DA:389,1
DA:391,1
DA:395,2
DA:397,1
DA:402,1
DA:404,1
DA:412,1
DA:418,2
DA:422,1
DA:423,1
DA:425,1
DA:428,3
DA:430,1
DA:431,1
DA:433,3
DA:434,1
DA:436,4
DA:437,1
DA:440,1
DA:445,1
DA:455,4
DA:456,3
DA:457,1
DA:462,1
DA:464,1
DA:466,3
DA:471,1
DA:473,1
DA:475,5
DA:480,1
DA:481,1
DA:486,1
DA:488,5
DA:507,4
DA:508,4
DA:509,4
DA:512,8
DA:516,3
DA:518,3
DA:521,8
DA:528,1
DA:530,1
DA:531,2
DA:533,1
DA:535,2
DA:541,2
DA:543,2
DA:548,2
DA:550,12
DA:554,1
DA:556,2
DA:560,1
DA:562,2
DA:564,2
DA:565,2
DA:566,2
DA:567,2
DA:572,1
DA:581,1
DA:582,1
DA:586,2
DA:587,2
DA:590,1
DA:615,1
DA:619,1
DA:621,3
DA:624,1
DA:625,5
DA:627,2
DA:628,3
DA:629,1
DA:636,3
DA:637,1
DA:638,3
DA:639,1
DA:650,1
DA:651,1
DA:652,4
DA:656,1
DA:657,1
DA:658,1
DA:659,5
DA:660,2
DA:662,1
DA:666,1
DA:667,3
DA:668,1
DA:669,1
DA:670,1
DA:671,1
DA:672,1
DA:673,1
DA:681,3
DA:689,1
DA:690,2
DA:691,1
DA:692,1
DA:693,1
DA:695,3
DA:699,1
DA:700,1
DA:701,4
DA:702,1
DA:724,1
DA:725,2
DA:726,1
DA:727,2
DA:728,1
DA:730,1
DA:734,1
DA:736,1
DA:740,1
DA:741,3
DA:742,5
DA:746,3
DA:768,1
DA:769,1
DA:770,2
DA:772,2
DA:775,1
DA:777,1
DA:800,1
DA:801,2
DA:802,1
DA:803,2
DA:804,1
DA:805,1
DA:811,1
DA:812,2
DA:813,1
DA:814,1
DA:815,2
DA:816,1
DA:818,1
DA:819,4
DA:820,1
DA:822,1
DA:826,1
DA:827,1
DA:828,2
DA:832,1
DA:833,1
DA:834,1
DA:835,2
DA:836,1
DA:860,1
DA:861,1
DA:862,3
DA:880,1
DA:881,1
DA:882,2
DA:900,1
DA:901,1
DA:902,2
DA:906,1
DA:907,2
DA:908,1
DA:909,2
DA:913,2
DA:915,7
DA:918,1
DA:919,1
DA:920,1
DA:921,3
DA:925,1
DA:926,2
DA:927,1
DA:928,3
DA:932,2
DA:935,1
DA:936,2
DA:937,3
DA:941,1
DA:942,3
DA:943,1
DA:944,3
DA:945,2
DA:966,1
DA:967,1
DA:968,1
DA:969,3
DA:970,1
DA:971,1
DA:972,1
DA:976,3
DA:979,1
DA:980,2
DA:981,1
DA:1007,1
DA:1008,1
DA:1009,1
DA:1010,1
DA:1011,1
DA:1014,2
DA:1015,1
DA:1019,2
DA:1020,1
DA:1023,1
DA:1025,1
DA:1026,1
DA:1027,1
DA:1028,1
DA:1029,1
DA:1030,1
DA:1058,1
DA:1059,1
DA:1060,1
DA:1061,1
DA:1062,2
DA:1063,1
DA:1064,2
DA:1066,1
DA:1070,1
DA:1071,2
DA:1072,1
DA:1074,1
DA:1076,1
DA:1077,1
DA:1078,1
DA:1079,1
DA:1080,1
DA:1081,7
DA:1082,4
DA:1085,1
DA:1086,3
DA:1087,1
DA:1112,0
DA:1113,0
DA:1114,0
DA:1115,0
DA:1116,0
DA:1117,0
DA:1121,1
DA:1122,2
DA:1123,4
DA:1124,2
DA:1126,6
DA:1130,1
DA:1131,1
DA:1132,2
DA:1133,3
DA:1135,2
DA:1136,2
DA:1137,3
DA:1139,1
DA:1140,4
DA:1142,1
LF:338
LH:332
end_of_record
SF:lib\list\list_extensions.dart
DA:30,1
DA:35,2
DA:37,3
DA:41,1
DA:42,1
DA:44,2
DA:45,3
DA:48,2
DA:49,3
DA:53,1
DA:77,1
DA:79,1
DA:83,1
DA:84,2
DA:85,3
DA:90,2
DA:91,2
DA:92,1
DA:93,1
DA:115,1
DA:117,1
DA:143,1
DA:144,4
DA:148,2
DA:167,1
DA:168,1
DA:172,1
DA:197,1
DA:199,1
DA:204,3
DA:206,1
DA:234,6
DA:264,1
DA:267,2
DA:272,1
DA:274,1
DA:278,2
DA:304,1
DA:306,1
DA:311,1
DA:315,1
DA:316,4
DA:345,1
DA:346,1
DA:350,1
DA:354,1
DA:355,2
DA:356,1
LF:48
LH:48
end_of_record
SF:lib\list\make_list_extensions.dart
DA:6,2
LF:1
LH:1
end_of_record
SF:lib\list\list_of_list_extensions.dart
DA:6,1
DA:7,1
DA:14,4
DA:19,1
DA:20,1
DA:24,2
DA:30,1
DA:31,1
DA:37,3
DA:38,1
DA:55,5
DA:61,1
DA:63,3
DA:68,3
DA:69,5
DA:75,3
DA:76,4
DA:77,4
DA:85,1
DA:86,1
DA:88,2
DA:89,2
DA:101,1
DA:103,1
DA:106,3
DA:109,6
DA:112,3
DA:113,1
DA:118,1
LF:29
LH:29
end_of_record
SF:lib\list\unique_list_extensions.dart
DA:6,1
DA:7,4
DA:15,1
DA:16,3
DA:17,1
DA:20,1
DA:23,4
DA:24,1
DA:25,1
DA:34,2
DA:38,2
DA:41,1
DA:44,4
DA:50,1
DA:51,3
DA:56,1
DA:59,1
DA:60,1
LF:18
LH:18
end_of_record
SF:lib\num\num_extensions.dart
DA:12,3
DA:24,3
DA:46,3
DA:62,1
DA:64,1
DA:78,1
DA:80,1
DA:92,2
DA:103,2
DA:114,1
DA:116,1
DA:129,1
DA:131,1
DA:135,2
DA:138,2
LF:15
LH:15
end_of_record
SF:lib\num\num_range_extensions.dart
DA:4,0
DA:8,0
DA:19,2
DA:29,3
LF:4
LH:2
end_of_record
SF:lib\num\num_utils.dart
DA:16,1
DA:33,1
DA:47,1
DA:48,1
DA:52,5
LF:5
LH:5
end_of_record
SF:lib\random\common_random.dart
DA:27,1
DA:35,3
LF:2
LH:2
end_of_record
SF:lib\string\string_between_extensions.dart
DA:9,1
DA:10,1
DA:11,1
DA:12,1
DA:13,1
DA:14,1
DA:18,1
DA:19,1
DA:20,1
DA:21,1
DA:22,1
DA:23,1
DA:29,1
DA:30,1
DA:31,1
DA:32,1
DA:33,1
DA:34,1
DA:35,1
DA:36,1
DA:37,1
DA:38,1
DA:45,2
DA:46,2
DA:47,4
DA:48,2
DA:49,6
DA:50,3
DA:51,0
DA:56,4
DA:57,2
DA:58,2
DA:62,1
DA:68,1
DA:69,1
DA:76,2
DA:77,1
DA:78,1
DA:79,1
DA:80,0
DA:97,2
DA:103,6
DA:104,2
DA:105,4
DA:109,2
DA:110,4
DA:113,0
DA:114,0
DA:115,0
DA:120,8
DA:124,6
DA:126,10
DA:128,2
DA:131,6
DA:134,2
DA:138,1
DA:144,1
DA:145,1
DA:146,1
DA:147,3
DA:148,3
DA:159,2
DA:160,4
DA:161,2
DA:162,4
DA:163,8
DA:164,4
DA:166,6
DA:167,2
DA:171,6
DA:172,2
DA:178,1
DA:179,2
DA:180,1
DA:181,2
DA:182,2
DA:183,6
DA:185,3
DA:186,1
DA:190,3
DA:191,1
LF:81
LH:76
end_of_record
SF:lib\string\string_diacritics_extensions.dart
DA:8,3
DA:12,1
DA:13,1
DA:14,2
DA:15,2
DA:16,1
DA:28,1
DA:30,1
DA:35,5
DA:42,1
DA:44,1
DA:51,6
LF:12
LH:12
end_of_record
SF:lib\string\string_character_extensions.dart
DA:19,1
DA:20,1
DA:22,1
DA:23,1
DA:25,2
DA:28,2
DA:29,1
DA:31,4
DA:43,1
DA:44,1
DA:45,1
DA:48,2
DA:52,3
DA:64,1
DA:65,1
DA:66,1
DA:69,1
DA:70,2
DA:71,1
DA:75,2
DA:76,2
DA:77,2
DA:85,3
LF:23
LH:23
end_of_record
SF:lib\string\string_case_extensions.dart
DA:4,3
DA:6,3
DA:8,3
DA:10,3
DA:12,3
DA:33,3
DA:54,3
DA:73,3
DA:94,1
DA:95,1
DA:100,1
DA:103,2
DA:104,1
DA:105,1
DA:108,1
DA:110,1
DA:126,6
DA:141,6
DA:156,7
DA:177,1
DA:178,1
DA:183,1
DA:190,3
DA:191,1
DA:192,1
DA:193,2
DA:194,2
DA:196,1
DA:213,1
DA:234,1
DA:235,1
DA:242,0
DA:245,4
DA:266,1
DA:267,1
DA:272,1
DA:275,2
DA:276,1
DA:278,1
DA:279,1
DA:283,1
DA:304,1
DA:305,1
DA:310,1
DA:311,5
DA:312,1
DA:313,1
DA:337,1
DA:338,1
DA:343,1
DA:344,1
DA:349,3
DA:351,2
DA:373,1
DA:375,1
DA:376,1
DA:382,1
DA:383,1
DA:385,1
DA:405,2
DA:406,5
DA:407,1
DA:408,1
LF:63
LH:62
end_of_record
SF:lib\string\string_nullable_extensions.dart
DA:19,2
DA:23,0
LF:2
LH:1
end_of_record
SF:lib\string\string_number_extensions.dart
DA:1,3
DA:9,1
DA:11,1
DA:15,3
DA:18,1
DA:19,1
DA:24,1
DA:37,1
DA:39,1
DA:44,1
DA:46,2
DA:49,1
LF:12
LH:12
end_of_record
SF:lib\string\string_punctuation.dart
DA:15,3
DA:46,3
LF:2
LH:2
end_of_record
SF:lib\string\string_utils.dart
DA:39,1
DA:41,2
DA:47,3
DA:50,1
DA:61,1
DA:63,2
DA:69,3
DA:72,1
LF:8
LH:8
end_of_record
SF:lib\string\string_search_extensions.dart
DA:7,3
DA:24,1
DA:25,2
DA:26,3
DA:27,1
DA:28,4
DA:32,3
DA:35,1
DA:36,2
DA:37,3
DA:38,1
DA:39,4
DA:43,1
DA:44,2
DA:45,3
DA:46,1
DA:47,4
DA:51,1
DA:52,2
DA:53,3
DA:57,1
DA:58,2
DA:59,1
DA:60,3
DA:64,1
DA:69,2
DA:71,2
DA:72,2
DA:73,2
DA:78,1
DA:79,2
DA:80,1
DA:81,1
DA:82,1
DA:83,3
DA:91,1
DA:92,1
DA:93,1
DA:94,1
DA:95,3
DA:96,1
DA:97,1
DA:98,2
DA:103,1
DA:104,2
DA:105,1
DA:112,1
DA:113,2
DA:114,2
DA:118,1
DA:119,2
DA:120,2
DA:121,1
DA:127,1
DA:128,2
DA:129,1
DA:130,1
DA:131,0
DA:133,1
DA:134,1
DA:135,1
DA:139,1
DA:140,2
DA:141,1
DA:148,1
DA:149,2
DA:150,2
LF:67
LH:66
end_of_record
SF:lib\uuid\uuid_utils.dart
DA:15,3
DA:21,3
DA:27,3
DA:41,0
DA:69,1
DA:70,1
DA:75,2
DA:76,2
DA:81,2
DA:82,2
DA:85,2
DA:108,1
DA:109,1
DA:114,1
DA:119,2
DA:123,2
DA:127,1
DA:128,2
DA:129,1
DA:130,2
DA:131,1
DA:132,2
DA:133,1
DA:134,2
DA:135,1
DA:136,2
DA:138,1
DA:155,1
DA:156,1
DA:160,1
LF:30
LH:29
end_of_record
SF:lib\url\url_extensions.dart
DA:16,1
DA:17,2
DA:22,1
DA:23,3
DA:24,1
DA:25,1
DA:26,2
DA:27,2
DA:28,1
DA:32,1
DA:33,2
DA:34,3
DA:35,1
DA:39,1
DA:40,1
DA:42,1
DA:43,5
DA:44,3
DA:54,4
DA:74,1
DA:75,1
DA:76,2
DA:77,1
DA:78,1
DA:80,1
DA:82,1
DA:98,3
DA:113,3
DA:128,1
DA:129,1
DA:130,1
DA:137,3
DA:140,3
DA:145,0
DA:148,1
DA:149,1
DA:150,1
DA:154,1
DA:155,1
DA:156,1
DA:157,3
DA:161,1
DA:162,1
DA:163,1
DA:165,6
DA:169,1
DA:170,1
DA:171,1
DA:172,2
DA:173,1
LF:50
LH:49
end_of_record
